<?xml version="1.0" encoding="UTF-8"?>
<testsuite xmlns:xsi="http://www.w3.org/2001/XMLSchema-instance" xsi:schemaLocation="https://maven.apache.org/surefire/maven-surefire-plugin/xsd/surefire-test-report.xsd" name="YouJustLostTheGameAgain.test.ModelUtilTest" time="0.008" tests="25" errors="0" skipped="0" failures="0">
  <properties>
    <property name="java.runtime.name" value="Java(TM) SE Runtime Environment"/>
    <property name="sun.boot.library.path" value="C:\Program Files\Java\jre1.8.0_151\bin"/>
    <property name="java.vm.version" value="25.151-b12"/>
    <property name="java.vm.vendor" value="Oracle Corporation"/>
    <property name="maven.multiModuleProjectDirectory" value="D:\Users\Mike\Documents\CS 222 Workspace\main\YouJustLostTheGameAgain"/>
    <property name="java.vendor.url" value="http://java.oracle.com/"/>
    <property name="path.separator" value=";"/>
    <property name="guice.disable.misplaced.annotation.check" value="true"/>
    <property name="java.vm.name" value="Java HotSpot(TM) 64-Bit Server VM"/>
    <property name="file.encoding.pkg" value="sun.io"/>
    <property name="user.script" value=""/>
    <property name="user.country" value="US"/>
    <property name="sun.java.launcher" value="SUN_STANDARD"/>
    <property name="sun.os.patch.level" value=""/>
    <property name="java.vm.specification.name" value="Java Virtual Machine Specification"/>
    <property name="user.dir" value="D:\Users\Mike\Documents\CS 222 Workspace\main\YouJustLostTheGameAgain"/>
    <property name="java.runtime.version" value="1.8.0_151-b12"/>
    <property name="java.awt.graphicsenv" value="sun.awt.Win32GraphicsEnvironment"/>
    <property name="java.endorsed.dirs" value="C:\Program Files\Java\jre1.8.0_151\lib\endorsed"/>
    <property name="os.arch" value="amd64"/>
    <property name="java.io.tmpdir" value="C:\Users\bigmh\AppData\Local\Temp\"/>
    <property name="line.separator" value="&#10;"/>
    <property name="java.vm.specification.vendor" value="Oracle Corporation"/>
    <property name="user.variant" value=""/>
    <property name="os.name" value="Windows 10"/>
    <property name="classworlds.conf" value="D:\Users\Mike\Documents\CS 222 Workspace\.metadata\.plugins\org.eclipse.m2e.launching\launches\m2conf3099635179784871872.tmp"/>
    <property name="sun.jnu.encoding" value="Cp1252"/>
    <property name="java.library.path" value="C:\Program Files\Java\jre1.8.0_151\bin;C:\Windows\Sun\Java\bin;C:\Windows\system32;C:\Windows;C:/Program Files/Java/jre1.8.0_151/bin/server;C:/Program Files/Java/jre1.8.0_151/bin;C:/Program Files/Java/jre1.8.0_151/lib/amd64;C:\ProgramData\Oracle\Java\javapath;C:\Program Files (x86)\Razer Chroma SDK\bin;C:\Program Files\Razer Chroma SDK\bin;C:\Program Files (x86)\Intel\iCLS Client\;C:\Program Files\Intel\iCLS Client\;C:\Windows\system32;C:\Windows;C:\Windows\System32\Wbem;C:\Windows\System32\WindowsPowerShell\v1.0\;C:\Program Files (x86)\Intel\Intel(R) Management Engine Components\DAL;C:\Program Files\Intel\Intel(R) Management Engine Components\DAL;C:\Program Files (x86)\Intel\Intel(R) Management Engine Components\IPT;C:\Program Files\Intel\Intel(R) Management Engine Components\IPT;C:\Users\Administrator\AppData\Local\Microsoft\WindowsApps;;C:\Program Files (x86)\NVIDIA Corporation\PhysX\Common;C:\Users\bigmh\AppData\Local\Microsoft\WindowsApps;C:\Users\bigmh\AppData\Local\GitHubDesktop\bin;C:\Program Files\Java\jdk1.8.0_151;;C:\Users\bigmh\Desktop;;."/>
    <property name="java.specification.name" value="Java Platform API Specification"/>
    <property name="java.class.version" value="52.0"/>
    <property name="sun.management.compiler" value="HotSpot 64-Bit Tiered Compilers"/>
    <property name="os.version" value="10.0"/>
    <property name="user.home" value="C:\Users\bigmh"/>
    <property name="user.timezone" value="America/Indianapolis"/>
    <property name="java.awt.printerjob" value="sun.awt.windows.WPrinterJob"/>
    <property name="java.specification.version" value="1.8"/>
    <property name="file.encoding" value="Cp1252"/>
    <property name="user.name" value="bigmh"/>
    <property name="java.class.path" value="C:\Users\bigmh\.p2\pool\plugins\org.eclipse.m2e.maven.runtime_1.8.2.20171007-0216\jars\plexus-classworlds-2.5.2.jar"/>
    <property name="java.vm.specification.version" value="1.8"/>
    <property name="sun.arch.data.model" value="64"/>
    <property name="java.home" value="C:\Program Files\Java\jre1.8.0_151"/>
    <property name="sun.java.command" value="org.codehaus.plexus.classworlds.launcher.Launcher -B clean install"/>
    <property name="java.specification.vendor" value="Oracle Corporation"/>
    <property name="user.language" value="en"/>
    <property name="awt.toolkit" value="sun.awt.windows.WToolkit"/>
    <property name="java.vm.info" value="mixed mode"/>
    <property name="java.version" value="1.8.0_151"/>
    <property name="java.ext.dirs" value="C:\Program Files\Java\jre1.8.0_151\lib\ext;C:\Windows\Sun\Java\lib\ext"/>
    <property name="sun.boot.class.path" value="C:\Program Files\Java\jre1.8.0_151\lib\resources.jar;C:\Program Files\Java\jre1.8.0_151\lib\rt.jar;C:\Program Files\Java\jre1.8.0_151\lib\sunrsasign.jar;C:\Program Files\Java\jre1.8.0_151\lib\jsse.jar;C:\Program Files\Java\jre1.8.0_151\lib\jce.jar;C:\Program Files\Java\jre1.8.0_151\lib\charsets.jar;C:\Program Files\Java\jre1.8.0_151\lib\jfr.jar;C:\Program Files\Java\jre1.8.0_151\classes"/>
    <property name="java.vendor" value="Oracle Corporation"/>
    <property name="maven.home" value="D:\Users\Mike\Documents\CS 222 Workspace\main\YouJustLostTheGameAgain\EMBEDDED"/>
    <property name="file.separator" value="\"/>
    <property name="java.vendor.url.bug" value="http://bugreport.sun.com/bugreport/"/>
    <property name="sun.cpu.endian" value="little"/>
    <property name="sun.io.unicode.encoding" value="UnicodeLittle"/>
    <property name="sun.desktop" value="windows"/>
    <property name="sun.cpu.isalist" value="amd64"/>
  </properties>
  <testcase name="testGetNullObjectInRoomById" classname="YouJustLostTheGameAgain.test.ModelUtilTest" time="0"/>
  <testcase name="testGetNullItemInRoomByName" classname="YouJustLostTheGameAgain.test.ModelUtilTest" time="0"/>
  <testcase name="testGetArmor" classname="YouJustLostTheGameAgain.test.ModelUtilTest" time="0"/>
  <testcase name="testGetRoomByCoords" classname="YouJustLostTheGameAgain.test.ModelUtilTest" time="0"/>
  <testcase name="testGetNPCByName" classname="YouJustLostTheGameAgain.test.ModelUtilTest" time="0"/>
  <testcase name="testGetNullDialogueLinesByContext" classname="YouJustLostTheGameAgain.test.ModelUtilTest" time="0"/>
  <testcase name="testGetNullNPCsInRoom" classname="YouJustLostTheGameAgain.test.ModelUtilTest" time="0"/>
  <testcase name="testSetEquippedReplace" classname="YouJustLostTheGameAgain.test.ModelUtilTest" time="0"/>
  <testcase name="testGetNullWeapon" classname="YouJustLostTheGameAgain.test.ModelUtilTest" time="0"/>
  <testcase name="testGetObjectInRoomById" classname="YouJustLostTheGameAgain.test.ModelUtilTest" time="0"/>
  <testcase name="testGetItemInRoomByName" classname="YouJustLostTheGameAgain.test.ModelUtilTest" time="0"/>
  <testcase name="testSetEquippedNew" classname="YouJustLostTheGameAgain.test.ModelUtilTest" time="0"/>
  <testcase name="testGetArmorRating" classname="YouJustLostTheGameAgain.test.ModelUtilTest" time="0"/>
  <testcase name="testGetNullArmorRating" classname="YouJustLostTheGameAgain.test.ModelUtilTest" time="0"/>
  <testcase name="testGetNPCsInRoom" classname="YouJustLostTheGameAgain.test.ModelUtilTest" time="0"/>
  <testcase name="testGetExitByDirection" classname="YouJustLostTheGameAgain.test.ModelUtilTest" time="0"/>
  <testcase name="testGetNullExitByDirection" classname="YouJustLostTheGameAgain.test.ModelUtilTest" time="0.001"/>
  <testcase name="testGetDialogueLinesByContext" classname="YouJustLostTheGameAgain.test.ModelUtilTest" time="0.001"/>
  <testcase name="testGetNullNPCByName" classname="YouJustLostTheGameAgain.test.ModelUtilTest" time="0"/>
  <testcase name="testGetPlayer" classname="YouJustLostTheGameAgain.test.ModelUtilTest" time="0.001"/>
  <testcase name="testGetNullHeldItemByName" classname="YouJustLostTheGameAgain.test.ModelUtilTest" time="0"/>
  <testcase name="testGetWeapon" classname="YouJustLostTheGameAgain.test.ModelUtilTest" time="0"/>
  <testcase name="testGetNullArmor" classname="YouJustLostTheGameAgain.test.ModelUtilTest" time="0"/>
  <testcase name="testGetHeldItemByName" classname="YouJustLostTheGameAgain.test.ModelUtilTest" time="0"/>
  <testcase name="testGetNullRoomByCoords" classname="YouJustLostTheGameAgain.test.ModelUtilTest" time="0"/>
</testsuite>